23:35:19 **** Incremental Build of configuration Debug for project ADC_driver_LCD_Temp_interrupt_based ****
make all 
Building file: ../adc.c
Invoking: AVR Compiler
avr-gcc -Wall -g2 -gstabs -O0 -fpack-struct -fshort-enums -ffunction-sections -fdata-sections -std=gnu99 -funsigned-char -funsigned-bitfields -mmcu=atmega32 -DF_CPU=1000000UL -MMD -MP -MF"adc.d" -MT"adc.o" -c -o "adc.o" "../adc.c"
Finished building: ../adc.c
 
Building target: ADC_driver_LCD_Temp_interrupt_based.elf
Invoking: AVR C Linker
avr-gcc -Wl,-Map,ADC_driver_LCD_Temp_interrupt_based.map -mmcu=atmega32 -o "ADC_driver_LCD_Temp_interrupt_based.elf"  ./adc.o ./application.o ./gpio.o ./lcd.o ./lm35_sensor.o   
Finished building target: ADC_driver_LCD_Temp_interrupt_based.elf
 
Invoking: AVR Create Extended Listing
avr-objdump -h -S ADC_driver_LCD_Temp_interrupt_based.elf  >"ADC_driver_LCD_Temp_interrupt_based.lss"
Finished building: ADC_driver_LCD_Temp_interrupt_based.lss
 
Invoking: Print Size
avr-size --format=avr --mcu=atmega32 ADC_driver_LCD_Temp_interrupt_based.elf
AVR Memory Usage
----------------
Device: atmega32

Program:    9326 bytes (28.5% Full)
(.text + .data + .bootloader)

Data:        280 bytes (13.7% Full)
(.data + .bss + .noinit)


Finished building: sizedummy
 

23:35:20 Build Finished. 0 errors, 0 warnings. (took 558ms)

